# JRE version: OpenJDK Runtime Environment Temurin-21.0.10+7 (21.0.10+7) (build 21.0.10+7-LTS)
# Java VM: OpenJDK 64-Bit Server VM Temurin-21.0.10+7 (21.0.10+7-LTS, mixed mode, sharing, tiered, compressed oops, compressed class ptrs, g1 gc, windows-amd64)
GC Precious Log:
 CardTable entry size: 512
 Card Set container configuration: InlinePtr #cards 4 size 8 Array Of Cards #cards 32 size 80 Howl #buckets 8 coarsen threshold 7372 Howl Bitmap #cards 1024 size 144 coarsen threshold 921 Card regions per heap region 1 cards per card region 8192
 CPUs: 12 total, 12 available
 Memory: 14181M
 Large Page Support: Disabled
 NUMA Support: Disabled
 Compressed Oops: Enabled (Zero based)
 Heap Region Size: 4M
 Heap Min Capacity: 8M
 Heap Initial Capacity: 224M
 Heap Max Capacity: 8G
 Pre-touch: Disabled
 Parallel Workers: 10
 Concurrent Workers: 3
 Concurrent Refinement Workers: 10
 Periodic GC: Disabled
Heap:
 garbage-first heap   total 118784K, used 66207K [0x0000000600000000, 0x0000000800000000)
  region size 4096K, 4 young (16384K), 2 survivors (8192K)
 Metaspace       used 64860K, committed 66880K, reserved 1114112K
  class space    used 9553K, committed 10560K, reserved 1048576K
GC Heap History (20 events):
Event: 6.781 GC heap before
{Heap before GC invocations=5 (full 0):
 garbage-first heap   total 98304K, used 94239K [0x0000000600000000, 0x0000000800000000)
  region size 4096K, 21 young (86016K), 4 survivors (16384K)
 Metaspace       used 32071K, committed 33024K, reserved 1114112K
  class space    used 4593K, committed 5056K, reserved 1048576K
}
Event: 6.792 GC heap after
{Heap after GC invocations=6 (full 0):
 garbage-first heap   total 118784K, used 30471K [0x0000000600000000, 0x0000000800000000)
  region size 4096K, 3 young (12288K), 3 survivors (12288K)
 Metaspace       used 32071K, committed 33024K, reserved 1114112K
  class space    used 4593K, committed 5056K, reserved 1048576K
}
Event: 7.253 GC heap before
{Heap before GC invocations=6 (full 0):
 garbage-first heap   total 118784K, used 87815K [0x0000000600000000, 0x0000000800000000)
  region size 4096K, 17 young (69632K), 3 survivors (12288K)
 Metaspace       used 34588K, committed 35648K, reserved 1114112K
  class space    used 4862K, committed 5376K, reserved 1048576K
}
Event: 7.260 GC heap after
{Heap after GC invocations=7 (full 0):
 garbage-first heap   total 118784K, used 31651K [0x0000000600000000, 0x0000000800000000)
  region size 4096K, 2 young (8192K), 2 survivors (8192K)
 Metaspace       used 34588K, committed 35648K, reserved 1114112K
  class space    used 4862K, committed 5376K, reserved 1048576K
}
Event: 7.379 GC heap before
{Heap before GC invocations=7 (full 0):
 garbage-first heap   total 118784K, used 31651K [0x0000000600000000, 0x0000000800000000)
  region size 4096K, 3 young (12288K), 2 survivors (8192K)
 Metaspace       used 34955K, committed 35968K, reserved 1114112K
  class space    used 4924K, committed 5440K, reserved 1048576K
}
Event: 7.384 GC heap after
{Heap after GC invocations=8 (full 0):
 garbage-first heap   total 118784K, used 32934K [0x0000000600000000, 0x0000000800000000)
  region size 4096K, 1 young (4096K), 1 survivors (4096K)
 Metaspace       used 34955K, committed 35968K, reserved 1114112K
  class space    used 4924K, committed 5440K, reserved 1048576K
}
Event: 8.429 GC heap before
{Heap before GC invocations=9 (full 0):
 garbage-first heap   total 118784K, used 90278K [0x0000000600000000, 0x0000000800000000)
  region size 4096K, 15 young (61440K), 1 survivors (4096K)
 Metaspace       used 41425K, committed 43008K, reserved 1114112K
  class space    used 6034K, committed 6784K, reserved 1048576K
}
Event: 8.434 GC heap after
{Heap after GC invocations=10 (full 0):
 garbage-first heap   total 118784K, used 35961K [0x0000000600000000, 0x0000000800000000)
  region size 4096K, 2 young (8192K), 2 survivors (8192K)
 Metaspace       used 41425K, committed 43008K, reserved 1114112K
  class space    used 6034K, committed 6784K, reserved 1048576K
}
Event: 9.310 GC heap before
{Heap before GC invocations=10 (full 0):
 garbage-first heap   total 118784K, used 93305K [0x0000000600000000, 0x0000000800000000)
  region size 4096K, 16 young (65536K), 2 survivors (8192K)
 Metaspace       used 45126K, committed 46848K, reserved 1114112K
  class space    used 6682K, committed 7488K, reserved 1048576K
}
Event: 9.315 GC heap after
{Heap after GC invocations=11 (full 0):
 garbage-first heap   total 118784K, used 38890K [0x0000000600000000, 0x0000000800000000)
  region size 4096K, 2 young (8192K), 2 survivors (8192K)
 Metaspace       used 45126K, committed 46848K, reserved 1114112K
  class space    used 6682K, committed 7488K, reserved 1048576K
}
Event: 10.454 GC heap before
{Heap before GC invocations=11 (full 0):
 garbage-first heap   total 118784K, used 92138K [0x0000000600000000, 0x0000000800000000)
  region size 4096K, 16 young (65536K), 2 survivors (8192K)
 Metaspace       used 49151K, committed 50944K, reserved 1114112K
  class space    used 7274K, committed 8128K, reserved 1048576K
}
Event: 10.460 GC heap after
{Heap after GC invocations=12 (full 0):
 garbage-first heap   total 118784K, used 43483K [0x0000000600000000, 0x0000000800000000)
  region size 4096K, 2 young (8192K), 2 survivors (8192K)
 Metaspace       used 49151K, committed 50944K, reserved 1114112K
  class space    used 7274K, committed 8128K, reserved 1048576K
}
Event: 11.691 GC heap before
{Heap before GC invocations=12 (full 0):
 garbage-first heap   total 118784K, used 96731K [0x0000000600000000, 0x0000000800000000)
  region size 4096K, 15 young (61440K), 2 survivors (8192K)
 Metaspace       used 53717K, committed 55680K, reserved 1114112K
  class space    used 8004K, committed 8960K, reserved 1048576K
}
Event: 11.697 GC heap after
{Heap after GC invocations=13 (full 0):
 garbage-first heap   total 118784K, used 54520K [0x0000000600000000, 0x0000000800000000)
  region size 4096K, 2 young (8192K), 2 survivors (8192K)
 Metaspace       used 53717K, committed 55680K, reserved 1114112K
  class space    used 8004K, committed 8960K, reserved 1048576K
}
Event: 12.359 GC heap before
{Heap before GC invocations=13 (full 0):
 garbage-first heap   total 118784K, used 91384K [0x0000000600000000, 0x0000000800000000)
  region size 4096K, 12 young (49152K), 2 survivors (8192K)
 Metaspace       used 58161K, committed 60096K, reserved 1114112K
  class space    used 8589K, committed 9536K, reserved 1048576K
}
Event: 12.364 GC heap after
{Heap after GC invocations=14 (full 0):
 garbage-first heap   total 118784K, used 54873K [0x0000000600000000, 0x0000000800000000)
  region size 4096K, 1 young (4096K), 1 survivors (4096K)
 Metaspace       used 58161K, committed 60096K, reserved 1114112K
  class space    used 8589K, committed 9536K, reserved 1048576K
}
Event: 13.186 GC heap before
{Heap before GC invocations=15 (full 0):
 garbage-first heap   total 118784K, used 95833K [0x0000000600000000, 0x0000000800000000)
  region size 4096K, 11 young (45056K), 1 survivors (4096K)
 Metaspace       used 61593K, committed 63616K, reserved 1114112K
  class space    used 9085K, committed 10112K, reserved 1048576K
}
Event: 13.189 GC heap after
{Heap after GC invocations=16 (full 0):
 garbage-first heap   total 118784K, used 56909K [0x0000000600000000, 0x0000000800000000)
  region size 4096K, 1 young (4096K), 1 survivors (4096K)
 Metaspace       used 61593K, committed 63616K, reserved 1114112K
  class space    used 9085K, committed 10112K, reserved 1048576K
}
Event: 13.825 GC heap before
{Heap before GC invocations=16 (full 0):
 garbage-first heap   total 118784K, used 106061K [0x0000000600000000, 0x0000000800000000)
  region size 4096K, 12 young (49152K), 1 survivors (4096K)
 Metaspace       used 64462K, committed 66432K, reserved 1114112K
  class space    used 9492K, committed 10496K, reserved 1048576K
}
Event: 13.832 GC heap after
{Heap after GC invocations=17 (full 0):
 garbage-first heap   total 118784K, used 62111K [0x0000000600000000, 0x0000000800000000)
  region size 4096K, 2 young (8192K), 2 survivors (8192K)
 Metaspace       used 64462K, committed 66432K, reserved 1114112K
  class space    used 9492K, committed 10496K, reserved 1048576K
}

